<?xml version="1.0" encoding="UTF-8"?>
<!-- Generated by org.testng.reporters.JUnitXMLReporter -->
<testsuite ignored="0" hostname="LP-214845099" failures="0" tests="5" name="Test2" time="41.505" errors="0" timestamp="2023-06-13T13:15:54 IST">
  <testcase classname="testcases.GheeOilsTest" name="mouseOverTest" time="0.688"/>
  <testcase classname="testcases.GheeOilsTest" name="popularitySortTest" time="10.165"/>
  <testcase classname="testcases.GheeOilsTest" name="lowToHighSortTest" time="10.177"/>
  <testcase classname="testcases.GheeOilsTest" name="highToLowSortTest" time="10.209"/>
  <testcase classname="testcases.GheeOilsTest" name="discountSortTest" time="10.236"/>
</testsuite> <!-- Test2 -->
