<?xml version="1.0" encoding="UTF-8"?>
<!-- Generated by org.testng.reporters.JUnitXMLReporter -->
<testsuite hostname="DESKTOP-DTJ6LC3" ignored="0" name="Test1" tests="11" failures="1" timestamp="12 May 2023 10:57:27 GMT" time="102.431" errors="0">
  <testcase name="searchBarElementsTest" time="10.166" classname="testcases.DalPulsesTest"/>
  <testcase name="clickOnSearchIconTest" time="0.11" classname="testcases.DalPulsesTest"/>
  <testcase name="verifySearchElementPageTest" time="0.019" classname="testcases.DalPulsesTest">
    <failure type="junit.framework.ComparisonFailure" message="expected:&amp;lt;Flipkart Grocery Store - Buy Groceries Online &amp;amp; Get Rs.1 Deals at...&amp;gt; but was:&amp;lt;Toordal- Buy Products Online at Best Price in India - All Categories |...&amp;gt;">
      <![CDATA[junit.framework.ComparisonFailure: expected:<Flipkart Grocery Store - Buy Groceries Online & Get Rs.1 Deals at...> but was:<Toordal- Buy Products Online at Best Price in India - All Categories |...>
	at junit.framework.Assert.assertEquals(Assert.java:81)
	at junit.framework.Assert.assertEquals(Assert.java:87)
	at testcases.DalPulsesTest.verifySearchElementPageTest(DalPulsesTest.java:47)
... Removed 25 stack frames]]>
    </failure>
  </testcase> <!-- verifySearchElementPageTest -->
  <testcase name="clickableProductTest" time="10.297" classname="testcases.DalPulsesTest"/>
  <testcase name="navigateToPDPTest" time="3.898" classname="testcases.DalPulsesTest"/>
  <testcase name="addItemTest" time="0.31" classname="testcases.DalPulsesTest"/>
  <testcase name="addQuantityTest" time="10.242" classname="testcases.DalPulsesTest"/>
  <testcase name="cart" time="0.125" classname="testcases.DalPulsesTest"/>
  <testcase name="addQuantity1Test" time="20.173" classname="testcases.DalPulsesTest"/>
  <testcase name="placeOrderTest" time="16.582" classname="testcases.DalPulsesTest"/>
  <testcase name="removeProductTest" time="30.389" classname="testcases.DalPulsesTest"/>
</testsuite> <!-- Test1 -->
