<?xml version="1.0" encoding="UTF-8"?>
<!-- Generated by org.testng.reporters.JUnitXMLReporter -->
<testsuite hostname="DESKTOP-DTJ6LC3" ignored="0" name="Test" tests="5" failures="0" timestamp="12 May 2023 10:55:44 GMT" time="46.774" errors="0">
  <testcase name="verifyHomePageTitleTest" time="0.031" classname="testcases.AHomePageTest"/>
  <testcase name="verifyGroceryOnHomePage" time="0.094" classname="testcases.AHomePageTest"/>
  <testcase name="clickOnGroceryTest" time="0.153" classname="testcases.AHomePageTest"/>
  <testcase name="enterLocationPinCode" time="7.181" classname="testcases.AHomePageTest"/>
  <testcase name="submitLocation" time="25.089" classname="testcases.AHomePageTest"/>
</testsuite> <!-- Test -->
