<?xml version="1.0" encoding="UTF-8"?>
<!-- Generated by org.testng.reporters.JUnitXMLReporter -->
<testsuite hostname="DESKTOP-DTJ6LC3" ignored="0" name="Test2" tests="5" failures="0" timestamp="12 May 2023 10:58:08 GMT" time="41.377" errors="0">
  <testcase name="mouseOverTest" time="0.648" classname="testcases.GheeOilsTest"/>
  <testcase name="popularitySortTest" time="10.17" classname="testcases.GheeOilsTest"/>
  <testcase name="lowToHighSortTest" time="10.19" classname="testcases.GheeOilsTest"/>
  <testcase name="highToLowSortTest" time="10.153" classname="testcases.GheeOilsTest"/>
  <testcase name="discountSortTest" time="10.153" classname="testcases.GheeOilsTest"/>
</testsuite> <!-- Test2 -->
