<?xml version="1.0" encoding="UTF-8"?>
<!-- Generated by org.testng.reporters.JUnitXMLReporter -->
<testsuite hostname="DESKTOP-DTJ6LC3" ignored="0" name="Test1" tests="11" failures="1" timestamp="03 Jun 2023 17:53:38 GMT" time="106.604" errors="0">
  <testcase name="searchBarElementsTest" time="10.314" classname="testcases.DalPulsesTest"/>
  <testcase name="clickOnSearchIconTest" time="0.094" classname="testcases.DalPulsesTest"/>
  <testcase name="verifySearchElementPageTest" time="0.02" classname="testcases.DalPulsesTest">
    <failure type="junit.framework.ComparisonFailure" message="expected:&amp;lt;Flipkart Grocery Store - Buy Groceries Online &amp;amp; Get Rs.1 Deals at...&amp;gt; but was:&amp;lt;Toordal- Buy Products Online at Best Price in India - All Categories |...&amp;gt;">
      <![CDATA[junit.framework.ComparisonFailure: expected:<Flipkart Grocery Store - Buy Groceries Online & Get Rs.1 Deals at...> but was:<Toordal- Buy Products Online at Best Price in India - All Categories |...>
	at junit.framework.Assert.assertEquals(Assert.java:81)
	at junit.framework.Assert.assertEquals(Assert.java:87)
	at testcases.DalPulsesTest.verifySearchElementPageTest(DalPulsesTest.java:47)
... Removed 25 stack frames]]>
    </failure>
  </testcase> <!-- verifySearchElementPageTest -->
  <testcase name="clickableProductTest" time="10.379" classname="testcases.DalPulsesTest"/>
  <testcase name="navigateToPDPTest" time="4.07" classname="testcases.DalPulsesTest"/>
  <testcase name="addItemTest" time="0.311" classname="testcases.DalPulsesTest"/>
  <testcase name="addQuantityTest" time="10.258" classname="testcases.DalPulsesTest"/>
  <testcase name="cart" time="0.158" classname="testcases.DalPulsesTest"/>
  <testcase name="addQuantity1Test" time="20.408" classname="testcases.DalPulsesTest"/>
  <testcase name="placeOrderTest" time="19.952" classname="testcases.DalPulsesTest"/>
  <testcase name="removeProductTest" time="30.567" classname="testcases.DalPulsesTest"/>
</testsuite> <!-- Test1 -->
