<?xml version="1.0" encoding="UTF-8"?>
<testng-results skipped="0" failed="1" ignored="0" total="21" passed="20">
  <reporter-output>
  </reporter-output>
  <suite name="Suite" duration-ms="190874" started-at="2023-05-12T10:54:57Z" finished-at="2023-05-12T10:58:08Z">
    <groups>
    </groups>
    <test name="Test" duration-ms="46774" started-at="2023-05-12T10:54:57Z" finished-at="2023-05-12T10:55:44Z">
      <class name="testcases.AHomePageTest">
        <test-method status="PASS" signature="setUp()[pri:0, instance:testcases.AHomePageTest@62ddbd7e]" name="setUp" is-config="true" duration-ms="14188" started-at="2023-05-12T16:24:57Z" finished-at="2023-05-12T16:25:11Z">
          <reporter-output>
          </reporter-output>
        </test-method> <!-- setUp -->
        <test-method status="PASS" signature="verifyHomePageTitleTest()[pri:1, instance:testcases.AHomePageTest@62ddbd7e]" name="verifyHomePageTitleTest" duration-ms="31" started-at="2023-05-12T16:25:11Z" finished-at="2023-05-12T16:25:11Z">
          <reporter-output>
          </reporter-output>
        </test-method> <!-- verifyHomePageTitleTest -->
        <test-method status="PASS" signature="verifyGroceryOnHomePage()[pri:2, instance:testcases.AHomePageTest@62ddbd7e]" name="verifyGroceryOnHomePage" duration-ms="94" started-at="2023-05-12T16:25:11Z" finished-at="2023-05-12T16:25:11Z">
          <reporter-output>
          </reporter-output>
        </test-method> <!-- verifyGroceryOnHomePage -->
        <test-method status="PASS" signature="clickOnGroceryTest()[pri:3, instance:testcases.AHomePageTest@62ddbd7e]" name="clickOnGroceryTest" duration-ms="153" started-at="2023-05-12T16:25:11Z" finished-at="2023-05-12T16:25:12Z">
          <reporter-output>
          </reporter-output>
        </test-method> <!-- clickOnGroceryTest -->
        <test-method status="PASS" signature="enterLocationPinCode()[pri:4, instance:testcases.AHomePageTest@62ddbd7e]" name="enterLocationPinCode" duration-ms="7181" started-at="2023-05-12T16:25:12Z" finished-at="2023-05-12T16:25:19Z">
          <reporter-output>
          </reporter-output>
        </test-method> <!-- enterLocationPinCode -->
        <test-method status="PASS" signature="submitLocation()[pri:5, instance:testcases.AHomePageTest@62ddbd7e]" name="submitLocation" duration-ms="25089" started-at="2023-05-12T16:25:19Z" finished-at="2023-05-12T16:25:44Z">
          <reporter-output>
          </reporter-output>
        </test-method> <!-- submitLocation -->
      </class> <!-- testcases.AHomePageTest -->
    </test> <!-- Test -->
    <test name="Test1" duration-ms="102431" started-at="2023-05-12T10:55:44Z" finished-at="2023-05-12T10:57:27Z">
      <class name="testcases.DalPulsesTest">
        <test-method status="PASS" signature="setUp()[pri:0, instance:testcases.DalPulsesTest@279fedbd]" name="setUp" is-config="true" duration-ms="33" started-at="2023-05-12T16:25:44Z" finished-at="2023-05-12T16:25:44Z">
          <reporter-output>
          </reporter-output>
        </test-method> <!-- setUp -->
        <test-method status="PASS" signature="searchBarElementsTest()[pri:1, instance:testcases.DalPulsesTest@279fedbd]" name="searchBarElementsTest" duration-ms="10166" started-at="2023-05-12T16:25:44Z" finished-at="2023-05-12T16:25:54Z">
          <reporter-output>
          </reporter-output>
        </test-method> <!-- searchBarElementsTest -->
        <test-method status="PASS" signature="clickOnSearchIconTest()[pri:2, instance:testcases.DalPulsesTest@279fedbd]" name="clickOnSearchIconTest" duration-ms="110" started-at="2023-05-12T16:25:54Z" finished-at="2023-05-12T16:25:54Z">
          <reporter-output>
          </reporter-output>
        </test-method> <!-- clickOnSearchIconTest -->
        <test-method status="FAIL" signature="verifySearchElementPageTest()[pri:3, instance:testcases.DalPulsesTest@279fedbd]" name="verifySearchElementPageTest" duration-ms="19" started-at="2023-05-12T16:25:54Z" finished-at="2023-05-12T16:25:54Z">
          <exception class="junit.framework.ComparisonFailure">
            <message>
              <![CDATA[expected:<Flipkart Grocery Store - Buy Groceries Online & Get Rs.1 Deals at...> but was:<Toordal- Buy Products Online at Best Price in India - All Categories |...>]]>
            </message>
            <full-stacktrace>
              <![CDATA[junit.framework.ComparisonFailure: expected:<Flipkart Grocery Store - Buy Groceries Online & Get Rs.1 Deals at...> but was:<Toordal- Buy Products Online at Best Price in India - All Categories |...>
	at junit.framework.Assert.assertEquals(Assert.java:81)
	at junit.framework.Assert.assertEquals(Assert.java:87)
	at testcases.DalPulsesTest.verifySearchElementPageTest(DalPulsesTest.java:47)
	at sun.reflect.NativeMethodAccessorImpl.invoke0(Native Method)
	at sun.reflect.NativeMethodAccessorImpl.invoke(Unknown Source)
	at sun.reflect.DelegatingMethodAccessorImpl.invoke(Unknown Source)
	at java.lang.reflect.Method.invoke(Unknown Source)
	at org.testng.internal.MethodInvocationHelper.invokeMethod(MethodInvocationHelper.java:108)
	at org.testng.internal.Invoker.invokeMethod(Invoker.java:661)
	at org.testng.internal.Invoker.invokeTestMethod(Invoker.java:869)
	at org.testng.internal.Invoker.invokeTestMethods(Invoker.java:1193)
	at org.testng.internal.TestMethodWorker.invokeTestMethods(TestMethodWorker.java:126)
	at org.testng.internal.TestMethodWorker.run(TestMethodWorker.java:109)
	at org.testng.TestRunner.privateRun(TestRunner.java:744)
	at org.testng.TestRunner.run(TestRunner.java:602)
	at org.testng.SuiteRunner.runTest(SuiteRunner.java:380)
	at org.testng.SuiteRunner.runSequentially(SuiteRunner.java:375)
	at org.testng.SuiteRunner.privateRun(SuiteRunner.java:340)
	at org.testng.SuiteRunner.run(SuiteRunner.java:289)
	at org.testng.SuiteRunnerWorker.runSuite(SuiteRunnerWorker.java:52)
	at org.testng.SuiteRunnerWorker.run(SuiteRunnerWorker.java:86)
	at org.testng.TestNG.runSuitesSequentially(TestNG.java:1301)
	at org.testng.TestNG.runSuitesLocally(TestNG.java:1226)
	at org.testng.TestNG.runSuites(TestNG.java:1144)
	at org.testng.TestNG.run(TestNG.java:1115)
	at org.testng.remote.AbstractRemoteTestNG.run(AbstractRemoteTestNG.java:132)
	at org.testng.remote.RemoteTestNG.initAndRun(RemoteTestNG.java:230)
	at org.testng.remote.RemoteTestNG.main(RemoteTestNG.java:76)
]]>
            </full-stacktrace>
          </exception> <!-- junit.framework.ComparisonFailure -->
          <reporter-output>
          </reporter-output>
        </test-method> <!-- verifySearchElementPageTest -->
        <test-method status="PASS" signature="clickableProductTest()[pri:5, instance:testcases.DalPulsesTest@279fedbd]" name="clickableProductTest" duration-ms="10297" started-at="2023-05-12T16:25:55Z" finished-at="2023-05-12T16:26:05Z">
          <reporter-output>
          </reporter-output>
        </test-method> <!-- clickableProductTest -->
        <test-method status="PASS" signature="navigateToPDPTest()[pri:6, instance:testcases.DalPulsesTest@279fedbd]" name="navigateToPDPTest" duration-ms="3898" started-at="2023-05-12T16:26:05Z" finished-at="2023-05-12T16:26:09Z">
          <reporter-output>
          </reporter-output>
        </test-method> <!-- navigateToPDPTest -->
        <test-method status="PASS" signature="addItemTest()[pri:7, instance:testcases.DalPulsesTest@279fedbd]" name="addItemTest" duration-ms="310" started-at="2023-05-12T16:26:09Z" finished-at="2023-05-12T16:26:09Z">
          <reporter-output>
          </reporter-output>
        </test-method> <!-- addItemTest -->
        <test-method status="PASS" signature="addQuantityTest()[pri:8, instance:testcases.DalPulsesTest@279fedbd]" name="addQuantityTest" duration-ms="10242" started-at="2023-05-12T16:26:09Z" finished-at="2023-05-12T16:26:19Z">
          <reporter-output>
          </reporter-output>
        </test-method> <!-- addQuantityTest -->
        <test-method status="PASS" signature="cart()[pri:9, instance:testcases.DalPulsesTest@279fedbd]" name="cart" duration-ms="125" started-at="2023-05-12T16:26:19Z" finished-at="2023-05-12T16:26:19Z">
          <reporter-output>
          </reporter-output>
        </test-method> <!-- cart -->
        <test-method status="PASS" signature="addQuantity1Test()[pri:10, instance:testcases.DalPulsesTest@279fedbd]" name="addQuantity1Test" duration-ms="20173" started-at="2023-05-12T16:26:19Z" finished-at="2023-05-12T16:26:40Z">
          <reporter-output>
          </reporter-output>
        </test-method> <!-- addQuantity1Test -->
        <test-method status="PASS" signature="placeOrderTest()[pri:11, instance:testcases.DalPulsesTest@279fedbd]" name="placeOrderTest" duration-ms="16582" started-at="2023-05-12T16:26:40Z" finished-at="2023-05-12T16:26:56Z">
          <reporter-output>
          </reporter-output>
        </test-method> <!-- placeOrderTest -->
        <test-method status="PASS" signature="removeProductTest()[pri:12, instance:testcases.DalPulsesTest@279fedbd]" name="removeProductTest" duration-ms="30389" started-at="2023-05-12T16:26:56Z" finished-at="2023-05-12T16:27:27Z">
          <reporter-output>
          </reporter-output>
        </test-method> <!-- removeProductTest -->
      </class> <!-- testcases.DalPulsesTest -->
    </test> <!-- Test1 -->
    <test name="Test2" duration-ms="41377" started-at="2023-05-12T10:57:27Z" finished-at="2023-05-12T10:58:08Z">
      <class name="testcases.GheeOilsTest">
        <test-method status="PASS" signature="setUp()[pri:0, instance:testcases.GheeOilsTest@6ad82709]" name="setUp" is-config="true" duration-ms="48" started-at="2023-05-12T16:27:27Z" finished-at="2023-05-12T16:27:27Z">
          <reporter-output>
          </reporter-output>
        </test-method> <!-- setUp -->
        <test-method status="PASS" signature="mouseOverTest()[pri:1, instance:testcases.GheeOilsTest@6ad82709]" name="mouseOverTest" duration-ms="648" started-at="2023-05-12T16:27:27Z" finished-at="2023-05-12T16:27:27Z">
          <reporter-output>
          </reporter-output>
        </test-method> <!-- mouseOverTest -->
        <test-method status="PASS" signature="popularitySortTest()[pri:2, instance:testcases.GheeOilsTest@6ad82709]" name="popularitySortTest" duration-ms="10170" started-at="2023-05-12T16:27:27Z" finished-at="2023-05-12T16:27:37Z">
          <reporter-output>
          </reporter-output>
        </test-method> <!-- popularitySortTest -->
        <test-method status="PASS" signature="lowToHighSortTest()[pri:3, instance:testcases.GheeOilsTest@6ad82709]" name="lowToHighSortTest" duration-ms="10190" started-at="2023-05-12T16:27:37Z" finished-at="2023-05-12T16:27:48Z">
          <reporter-output>
          </reporter-output>
        </test-method> <!-- lowToHighSortTest -->
        <test-method status="PASS" signature="highToLowSortTest()[pri:4, instance:testcases.GheeOilsTest@6ad82709]" name="highToLowSortTest" duration-ms="10153" started-at="2023-05-12T16:27:48Z" finished-at="2023-05-12T16:27:58Z">
          <reporter-output>
          </reporter-output>
        </test-method> <!-- highToLowSortTest -->
        <test-method status="PASS" signature="discountSortTest()[pri:5, instance:testcases.GheeOilsTest@6ad82709]" name="discountSortTest" duration-ms="10153" started-at="2023-05-12T16:27:58Z" finished-at="2023-05-12T16:28:08Z">
          <reporter-output>
          </reporter-output>
        </test-method> <!-- discountSortTest -->
      </class> <!-- testcases.GheeOilsTest -->
    </test> <!-- Test2 -->
  </suite> <!-- Suite -->
</testng-results>
