<?xml version="1.0" encoding="UTF-8"?>
<testng-results skipped="0" failed="1" ignored="0" total="21" passed="20">
  <reporter-output>
  </reporter-output>
  <suite name="Suite" duration-ms="192750" started-at="2023-06-03T17:51:07Z" finished-at="2023-06-03T17:54:20Z">
    <groups>
    </groups>
    <test name="Test" duration-ms="44348" started-at="2023-06-03T17:51:07Z" finished-at="2023-06-03T17:51:52Z">
      <class name="testcases.AHomePageTest">
        <test-method status="PASS" signature="setUp()[pri:0, instance:testcases.AHomePageTest@62ddbd7e]" name="setUp" is-config="true" duration-ms="11831" started-at="2023-06-03T23:21:07Z" finished-at="2023-06-03T23:21:19Z">
          <reporter-output>
          </reporter-output>
        </test-method> <!-- setUp -->
        <test-method status="PASS" signature="verifyHomePageTitleTest()[pri:1, instance:testcases.AHomePageTest@62ddbd7e]" name="verifyHomePageTitleTest" duration-ms="31" started-at="2023-06-03T23:21:19Z" finished-at="2023-06-03T23:21:19Z">
          <reporter-output>
          </reporter-output>
        </test-method> <!-- verifyHomePageTitleTest -->
        <test-method status="PASS" signature="verifyGroceryOnHomePage()[pri:3, instance:testcases.AHomePageTest@62ddbd7e]" name="verifyGroceryOnHomePage" duration-ms="90" started-at="2023-06-03T23:21:19Z" finished-at="2023-06-03T23:21:19Z">
          <reporter-output>
          </reporter-output>
        </test-method> <!-- verifyGroceryOnHomePage -->
        <test-method status="PASS" signature="clickOnGroceryTest()[pri:4, instance:testcases.AHomePageTest@62ddbd7e]" name="clickOnGroceryTest" duration-ms="102" started-at="2023-06-03T23:21:19Z" finished-at="2023-06-03T23:21:19Z">
          <reporter-output>
          </reporter-output>
        </test-method> <!-- clickOnGroceryTest -->
        <test-method status="PASS" signature="enterLocationPinCode()[pri:5, instance:testcases.AHomePageTest@62ddbd7e]" name="enterLocationPinCode" duration-ms="7130" started-at="2023-06-03T23:21:19Z" finished-at="2023-06-03T23:21:27Z">
          <reporter-output>
          </reporter-output>
        </test-method> <!-- enterLocationPinCode -->
        <test-method status="PASS" signature="submitLocation()[pri:6, instance:testcases.AHomePageTest@62ddbd7e]" name="submitLocation" duration-ms="25114" started-at="2023-06-03T23:21:27Z" finished-at="2023-06-03T23:21:52Z">
          <reporter-output>
          </reporter-output>
        </test-method> <!-- submitLocation -->
      </class> <!-- testcases.AHomePageTest -->
    </test> <!-- Test -->
    <test name="Test1" duration-ms="106604" started-at="2023-06-03T17:51:52Z" finished-at="2023-06-03T17:53:38Z">
      <class name="testcases.DalPulsesTest">
        <test-method status="PASS" signature="setUp()[pri:0, instance:testcases.DalPulsesTest@279fedbd]" name="setUp" is-config="true" duration-ms="9" started-at="2023-06-03T23:21:52Z" finished-at="2023-06-03T23:21:52Z">
          <reporter-output>
          </reporter-output>
        </test-method> <!-- setUp -->
        <test-method status="PASS" signature="searchBarElementsTest()[pri:1, instance:testcases.DalPulsesTest@279fedbd]" name="searchBarElementsTest" duration-ms="10314" started-at="2023-06-03T23:21:52Z" finished-at="2023-06-03T23:22:02Z">
          <reporter-output>
          </reporter-output>
        </test-method> <!-- searchBarElementsTest -->
        <test-method status="PASS" signature="clickOnSearchIconTest()[pri:2, instance:testcases.DalPulsesTest@279fedbd]" name="clickOnSearchIconTest" duration-ms="94" started-at="2023-06-03T23:22:02Z" finished-at="2023-06-03T23:22:02Z">
          <reporter-output>
          </reporter-output>
        </test-method> <!-- clickOnSearchIconTest -->
        <test-method status="FAIL" signature="verifySearchElementPageTest()[pri:3, instance:testcases.DalPulsesTest@279fedbd]" name="verifySearchElementPageTest" duration-ms="20" started-at="2023-06-03T23:22:02Z" finished-at="2023-06-03T23:22:02Z">
          <exception class="junit.framework.ComparisonFailure">
            <message>
              <![CDATA[expected:<Flipkart Grocery Store - Buy Groceries Online & Get Rs.1 Deals at...> but was:<Toordal- Buy Products Online at Best Price in India - All Categories |...>]]>
            </message>
            <full-stacktrace>
              <![CDATA[junit.framework.ComparisonFailure: expected:<Flipkart Grocery Store - Buy Groceries Online & Get Rs.1 Deals at...> but was:<Toordal- Buy Products Online at Best Price in India - All Categories |...>
	at junit.framework.Assert.assertEquals(Assert.java:81)
	at junit.framework.Assert.assertEquals(Assert.java:87)
	at testcases.DalPulsesTest.verifySearchElementPageTest(DalPulsesTest.java:47)
	at sun.reflect.NativeMethodAccessorImpl.invoke0(Native Method)
	at sun.reflect.NativeMethodAccessorImpl.invoke(Unknown Source)
	at sun.reflect.DelegatingMethodAccessorImpl.invoke(Unknown Source)
	at java.lang.reflect.Method.invoke(Unknown Source)
	at org.testng.internal.MethodInvocationHelper.invokeMethod(MethodInvocationHelper.java:108)
	at org.testng.internal.Invoker.invokeMethod(Invoker.java:661)
	at org.testng.internal.Invoker.invokeTestMethod(Invoker.java:869)
	at org.testng.internal.Invoker.invokeTestMethods(Invoker.java:1193)
	at org.testng.internal.TestMethodWorker.invokeTestMethods(TestMethodWorker.java:126)
	at org.testng.internal.TestMethodWorker.run(TestMethodWorker.java:109)
	at org.testng.TestRunner.privateRun(TestRunner.java:744)
	at org.testng.TestRunner.run(TestRunner.java:602)
	at org.testng.SuiteRunner.runTest(SuiteRunner.java:380)
	at org.testng.SuiteRunner.runSequentially(SuiteRunner.java:375)
	at org.testng.SuiteRunner.privateRun(SuiteRunner.java:340)
	at org.testng.SuiteRunner.run(SuiteRunner.java:289)
	at org.testng.SuiteRunnerWorker.runSuite(SuiteRunnerWorker.java:52)
	at org.testng.SuiteRunnerWorker.run(SuiteRunnerWorker.java:86)
	at org.testng.TestNG.runSuitesSequentially(TestNG.java:1301)
	at org.testng.TestNG.runSuitesLocally(TestNG.java:1226)
	at org.testng.TestNG.runSuites(TestNG.java:1144)
	at org.testng.TestNG.run(TestNG.java:1115)
	at org.testng.remote.AbstractRemoteTestNG.run(AbstractRemoteTestNG.java:132)
	at org.testng.remote.RemoteTestNG.initAndRun(RemoteTestNG.java:230)
	at org.testng.remote.RemoteTestNG.main(RemoteTestNG.java:76)
]]>
            </full-stacktrace>
          </exception> <!-- junit.framework.ComparisonFailure -->
          <reporter-output>
          </reporter-output>
        </test-method> <!-- verifySearchElementPageTest -->
        <test-method status="PASS" signature="clickableProductTest()[pri:5, instance:testcases.DalPulsesTest@279fedbd]" name="clickableProductTest" duration-ms="10379" started-at="2023-06-03T23:22:02Z" finished-at="2023-06-03T23:22:13Z">
          <reporter-output>
          </reporter-output>
        </test-method> <!-- clickableProductTest -->
        <test-method status="PASS" signature="navigateToPDPTest()[pri:6, instance:testcases.DalPulsesTest@279fedbd]" name="navigateToPDPTest" duration-ms="4070" started-at="2023-06-03T23:22:13Z" finished-at="2023-06-03T23:22:17Z">
          <reporter-output>
          </reporter-output>
        </test-method> <!-- navigateToPDPTest -->
        <test-method status="PASS" signature="addItemTest()[pri:7, instance:testcases.DalPulsesTest@279fedbd]" name="addItemTest" duration-ms="311" started-at="2023-06-03T23:22:17Z" finished-at="2023-06-03T23:22:17Z">
          <reporter-output>
          </reporter-output>
        </test-method> <!-- addItemTest -->
        <test-method status="PASS" signature="addQuantityTest()[pri:8, instance:testcases.DalPulsesTest@279fedbd]" name="addQuantityTest" duration-ms="10258" started-at="2023-06-03T23:22:17Z" finished-at="2023-06-03T23:22:27Z">
          <reporter-output>
          </reporter-output>
        </test-method> <!-- addQuantityTest -->
        <test-method status="PASS" signature="cart()[pri:9, instance:testcases.DalPulsesTest@279fedbd]" name="cart" duration-ms="158" started-at="2023-06-03T23:22:27Z" finished-at="2023-06-03T23:22:27Z">
          <reporter-output>
          </reporter-output>
        </test-method> <!-- cart -->
        <test-method status="PASS" signature="addQuantity1Test()[pri:10, instance:testcases.DalPulsesTest@279fedbd]" name="addQuantity1Test" duration-ms="20408" started-at="2023-06-03T23:22:27Z" finished-at="2023-06-03T23:22:48Z">
          <reporter-output>
          </reporter-output>
        </test-method> <!-- addQuantity1Test -->
        <test-method status="PASS" signature="placeOrderTest()[pri:11, instance:testcases.DalPulsesTest@279fedbd]" name="placeOrderTest" duration-ms="19952" started-at="2023-06-03T23:22:48Z" finished-at="2023-06-03T23:23:08Z">
          <reporter-output>
          </reporter-output>
        </test-method> <!-- placeOrderTest -->
        <test-method status="PASS" signature="removeProductTest()[pri:13, instance:testcases.DalPulsesTest@279fedbd]" name="removeProductTest" duration-ms="30567" started-at="2023-06-03T23:23:08Z" finished-at="2023-06-03T23:23:38Z">
          <reporter-output>
          </reporter-output>
        </test-method> <!-- removeProductTest -->
      </class> <!-- testcases.DalPulsesTest -->
    </test> <!-- Test1 -->
    <test name="Test2" duration-ms="41655" started-at="2023-06-03T17:53:38Z" finished-at="2023-06-03T17:54:20Z">
      <class name="testcases.GheeOilsTest">
        <test-method status="PASS" signature="setUp()[pri:0, instance:testcases.GheeOilsTest@6ad82709]" name="setUp" is-config="true" duration-ms="24" started-at="2023-06-03T23:23:38Z" finished-at="2023-06-03T23:23:38Z">
          <reporter-output>
          </reporter-output>
        </test-method> <!-- setUp -->
        <test-method status="PASS" signature="mouseOverTest()[pri:1, instance:testcases.GheeOilsTest@6ad82709]" name="mouseOverTest" duration-ms="675" started-at="2023-06-03T23:23:38Z" finished-at="2023-06-03T23:23:39Z">
          <reporter-output>
          </reporter-output>
        </test-method> <!-- mouseOverTest -->
        <test-method status="PASS" signature="popularitySortTest()[pri:2, instance:testcases.GheeOilsTest@6ad82709]" name="popularitySortTest" duration-ms="10251" started-at="2023-06-03T23:23:39Z" finished-at="2023-06-03T23:23:49Z">
          <reporter-output>
          </reporter-output>
        </test-method> <!-- popularitySortTest -->
        <test-method status="PASS" signature="lowToHighSortTest()[pri:3, instance:testcases.GheeOilsTest@6ad82709]" name="lowToHighSortTest" duration-ms="10261" started-at="2023-06-03T23:23:49Z" finished-at="2023-06-03T23:24:00Z">
          <reporter-output>
          </reporter-output>
        </test-method> <!-- lowToHighSortTest -->
        <test-method status="PASS" signature="highToLowSortTest()[pri:4, instance:testcases.GheeOilsTest@6ad82709]" name="highToLowSortTest" duration-ms="10202" started-at="2023-06-03T23:24:00Z" finished-at="2023-06-03T23:24:10Z">
          <reporter-output>
          </reporter-output>
        </test-method> <!-- highToLowSortTest -->
        <test-method status="PASS" signature="discountSortTest()[pri:5, instance:testcases.GheeOilsTest@6ad82709]" name="discountSortTest" duration-ms="10230" started-at="2023-06-03T23:24:10Z" finished-at="2023-06-03T23:24:20Z">
          <reporter-output>
          </reporter-output>
        </test-method> <!-- discountSortTest -->
      </class> <!-- testcases.GheeOilsTest -->
    </test> <!-- Test2 -->
  </suite> <!-- Suite -->
</testng-results>
